<?xml version="1.0" encoding="UTF-8"?>
<testng-results skipped="0" failed="0" total="1" passed="1">
  <reporter-output>
  </reporter-output>
  <suite name="Default suite" duration-ms="25" started-at="2018-04-07T11:10:03Z" finished-at="2018-04-07T11:10:03Z">
    <groups>
    </groups>
    <test name="Default test" duration-ms="25" started-at="2018-04-07T11:10:03Z" finished-at="2018-04-07T11:10:03Z">
      <class name="sdetinterviewquestions.KthLastElemLinkedList">
        <test-method status="PASS" signature="testCase1()[pri:0, instance:sdetinterviewquestions.KthLastElemLinkedList@7ac7a4e4]" name="testCase1" duration-ms="10" started-at="2018-04-07T16:40:03Z" finished-at="2018-04-07T16:40:03Z">
          <reporter-output>
          </reporter-output>
        </test-method> <!-- testCase1 -->
      </class> <!-- sdetinterviewquestions.KthLastElemLinkedList -->
    </test> <!-- Default test -->
  </suite> <!-- Default suite -->
</testng-results>
